[debug] [2025-05-10T08:32:40.583Z] ----------------------------------------------------------------------
[debug] [2025-05-10T08:32:40.584Z] Command:       /usr/local/bin/node /Users/wuxinhua/.npm-global/bin/firebase emulators:start --only auth
[debug] [2025-05-10T08:32:40.585Z] CLI Version:   14.3.1
[debug] [2025-05-10T08:32:40.585Z] Platform:      darwin
[debug] [2025-05-10T08:32:40.585Z] Node Version:  v22.15.0
[debug] [2025-05-10T08:32:40.585Z] Time:          Sat May 10 2025 16:32:40 GMT+0800 (台北標準時間)
[debug] [2025-05-10T08:32:40.585Z] ----------------------------------------------------------------------
[debug] 
[info] i  emulators: Starting emulators: auth {"metadata":{"emulator":{"name":"hub"},"message":"Starting emulators: auth"}}
[info] i  emulators: Detected demo project ID "demo-project", emulated services will use a demo configuration and attempts to access non-emulated services for this project will fail. {"metadata":{"emulator":{"name":"hub"},"message":"Detected demo project ID \"demo-project\", emulated services will use a demo configuration and attempts to access non-emulated services for this project will fail."}}
[debug] [2025-05-10T08:32:40.915Z] [logging] Logging Emulator only supports listening on one address (127.0.0.1). Not listening on ::1
[debug] [2025-05-10T08:32:40.915Z] [auth] Authentication Emulator only supports listening on one address (127.0.0.1). Not listening on ::1
[debug] [2025-05-10T08:32:40.915Z] assigned listening specs for emulators {"user":{"hub":[{"address":"127.0.0.1","family":"IPv4","port":4400},{"address":"::1","family":"IPv6","port":4400}],"ui":[{"address":"127.0.0.1","family":"IPv4","port":4000},{"address":"::1","family":"IPv6","port":4000}],"logging":[{"address":"127.0.0.1","family":"IPv4","port":4500}],"auth":[{"address":"127.0.0.1","family":"IPv4","port":9099}]},"metadata":{"message":"assigned listening specs for emulators"}}
[debug] [2025-05-10T08:32:40.919Z] [hub] writing locator at /var/folders/w3/0xqfsz7n6sjg981z76b84hh00000gn/T/hub-demo-project.json
[info] i  ui: downloading ui-v1.15.0.zip... {"metadata":{"emulator":{"name":"ui"},"message":"downloading ui-v1.15.0.zip..."}}
[debug] [2025-05-10T08:32:43.218Z] >>> [apiv2][query] GET https://storage.googleapis.com/firebase-preview-drop/emulator/ui-v1.15.0.zip 
[debug] [2025-05-10T08:32:43.271Z] <<< [apiv2][status] GET https://storage.googleapis.com/firebase-preview-drop/emulator/ui-v1.15.0.zip 200
[debug] [2025-05-10T08:32:43.271Z] <<< [apiv2][body] GET https://storage.googleapis.com/firebase-preview-drop/emulator/ui-v1.15.0.zip [stream]
[debug] [2025-05-10T08:32:43.627Z] Data is 3538469
[debug] [2025-05-10T08:32:43.627Z] [unzip] Entry: client/ (compressed_size=0 bytes, uncompressed_size=0 bytes)
[debug] [2025-05-10T08:32:43.627Z] [unzip] Processing entry: client/
[debug] [2025-05-10T08:32:43.627Z] [unzip] mkdir: /Users/wuxinhua/.cache/firebase/emulators/ui-v1.15.0/client/
[debug] [2025-05-10T08:32:43.627Z] [unzip] Entry: client/favicon-16x16.png (compressed_size=293 bytes, uncompressed_size=293 bytes)
[debug] [2025-05-10T08:32:43.627Z] [unzip] Processing entry: client/favicon-16x16.png
[debug] [2025-05-10T08:32:43.627Z] [unzip] else mkdir: /Users/wuxinhua/.cache/firebase/emulators/ui-v1.15.0/client
[debug] [2025-05-10T08:32:43.628Z] [unzip] Writing file: /Users/wuxinhua/.cache/firebase/emulators/ui-v1.15.0/client/favicon-16x16.png
[debug] [2025-05-10T08:32:43.628Z] [unzip] Entry: client/safari-pinned-tab.svg (compressed_size=1433 bytes, uncompressed_size=2611 bytes)
[debug] [2025-05-10T08:32:43.628Z] [unzip] Processing entry: client/safari-pinned-tab.svg
[debug] [2025-05-10T08:32:43.628Z] [unzip] else mkdir: /Users/wuxinhua/.cache/firebase/emulators/ui-v1.15.0/client
[debug] [2025-05-10T08:32:43.628Z] [unzip] deflating: /Users/wuxinhua/.cache/firebase/emulators/ui-v1.15.0/client/safari-pinned-tab.svg
[debug] [2025-05-10T08:32:43.630Z] [unzip] Entry: client/favicon.ico (compressed_size=2933 bytes, uncompressed_size=13294 bytes)
[debug] [2025-05-10T08:32:43.630Z] [unzip] Processing entry: client/favicon.ico
[debug] [2025-05-10T08:32:43.630Z] [unzip] else mkdir: /Users/wuxinhua/.cache/firebase/emulators/ui-v1.15.0/client
[debug] [2025-05-10T08:32:43.630Z] [unzip] deflating: /Users/wuxinhua/.cache/firebase/emulators/ui-v1.15.0/client/favicon.ico
[debug] [2025-05-10T08:32:43.631Z] [unzip] Entry: client/index.html (compressed_size=1364 bytes, uncompressed_size=3071 bytes)
[debug] [2025-05-10T08:32:43.631Z] [unzip] Processing entry: client/index.html
[debug] [2025-05-10T08:32:43.631Z] [unzip] else mkdir: /Users/wuxinhua/.cache/firebase/emulators/ui-v1.15.0/client
[debug] [2025-05-10T08:32:43.631Z] [unzip] deflating: /Users/wuxinhua/.cache/firebase/emulators/ui-v1.15.0/client/index.html
[debug] [2025-05-10T08:32:43.632Z] [unzip] Entry: client/android-chrome-192x192.png (compressed_size=2684 bytes, uncompressed_size=2684 bytes)
[debug] [2025-05-10T08:32:43.632Z] [unzip] Processing entry: client/android-chrome-192x192.png
[debug] [2025-05-10T08:32:43.632Z] [unzip] else mkdir: /Users/wuxinhua/.cache/firebase/emulators/ui-v1.15.0/client
[debug] [2025-05-10T08:32:43.632Z] [unzip] Writing file: /Users/wuxinhua/.cache/firebase/emulators/ui-v1.15.0/client/android-chrome-192x192.png
[debug] [2025-05-10T08:32:43.632Z] [unzip] Entry: client/apple-touch-icon.png (compressed_size=2123 bytes, uncompressed_size=2152 bytes)
[debug] [2025-05-10T08:32:43.632Z] [unzip] Processing entry: client/apple-touch-icon.png
[debug] [2025-05-10T08:32:43.632Z] [unzip] else mkdir: /Users/wuxinhua/.cache/firebase/emulators/ui-v1.15.0/client
[debug] [2025-05-10T08:32:43.632Z] [unzip] deflating: /Users/wuxinhua/.cache/firebase/emulators/ui-v1.15.0/client/apple-touch-icon.png
[debug] [2025-05-10T08:32:43.632Z] [unzip] Entry: client/android-chrome-512x512.png (compressed_size=5369 bytes, uncompressed_size=5411 bytes)
[debug] [2025-05-10T08:32:43.632Z] [unzip] Processing entry: client/android-chrome-512x512.png
[debug] [2025-05-10T08:32:43.632Z] [unzip] else mkdir: /Users/wuxinhua/.cache/firebase/emulators/ui-v1.15.0/client
[debug] [2025-05-10T08:32:43.632Z] [unzip] deflating: /Users/wuxinhua/.cache/firebase/emulators/ui-v1.15.0/client/android-chrome-512x512.png
[debug] [2025-05-10T08:32:43.634Z] [unzip] Entry: client/manifest.json (compressed_size=245 bytes, uncompressed_size=551 bytes)
[debug] [2025-05-10T08:32:43.634Z] [unzip] Processing entry: client/manifest.json
[debug] [2025-05-10T08:32:43.634Z] [unzip] else mkdir: /Users/wuxinhua/.cache/firebase/emulators/ui-v1.15.0/client
[debug] [2025-05-10T08:32:43.634Z] [unzip] deflating: /Users/wuxinhua/.cache/firebase/emulators/ui-v1.15.0/client/manifest.json
[debug] [2025-05-10T08:32:43.634Z] [unzip] Entry: client/robots.txt (compressed_size=26 bytes, uncompressed_size=26 bytes)
[debug] [2025-05-10T08:32:43.634Z] [unzip] Processing entry: client/robots.txt
[debug] [2025-05-10T08:32:43.634Z] [unzip] else mkdir: /Users/wuxinhua/.cache/firebase/emulators/ui-v1.15.0/client
[debug] [2025-05-10T08:32:43.634Z] [unzip] Writing file: /Users/wuxinhua/.cache/firebase/emulators/ui-v1.15.0/client/robots.txt
[debug] [2025-05-10T08:32:43.634Z] [unzip] Entry: client/mstile-150x150.png (compressed_size=2034 bytes, uncompressed_size=2034 bytes)
[debug] [2025-05-10T08:32:43.634Z] [unzip] Processing entry: client/mstile-150x150.png
[debug] [2025-05-10T08:32:43.634Z] [unzip] else mkdir: /Users/wuxinhua/.cache/firebase/emulators/ui-v1.15.0/client
[debug] [2025-05-10T08:32:43.634Z] [unzip] Writing file: /Users/wuxinhua/.cache/firebase/emulators/ui-v1.15.0/client/mstile-150x150.png
[debug] [2025-05-10T08:32:43.635Z] [unzip] Entry: client/assets/ (compressed_size=0 bytes, uncompressed_size=0 bytes)
[debug] [2025-05-10T08:32:43.635Z] [unzip] Processing entry: client/assets/
[debug] [2025-05-10T08:32:43.635Z] [unzip] mkdir: /Users/wuxinhua/.cache/firebase/emulators/ui-v1.15.0/client/assets/
[debug] [2025-05-10T08:32:43.635Z] [unzip] Entry: client/assets/index-BX-A56oj.js (compressed_size=582089 bytes, uncompressed_size=2092775 bytes)
[debug] [2025-05-10T08:32:43.635Z] [unzip] Processing entry: client/assets/index-BX-A56oj.js
[debug] [2025-05-10T08:32:43.635Z] [unzip] else mkdir: /Users/wuxinhua/.cache/firebase/emulators/ui-v1.15.0/client/assets
[debug] [2025-05-10T08:32:43.635Z] [unzip] deflating: /Users/wuxinhua/.cache/firebase/emulators/ui-v1.15.0/client/assets/index-BX-A56oj.js
[debug] [2025-05-10T08:32:43.642Z] [unzip] Entry: client/assets/index-CjB9C900.css (compressed_size=35979 bytes, uncompressed_size=298654 bytes)
[debug] [2025-05-10T08:32:43.642Z] [unzip] Processing entry: client/assets/index-CjB9C900.css
[debug] [2025-05-10T08:32:43.642Z] [unzip] else mkdir: /Users/wuxinhua/.cache/firebase/emulators/ui-v1.15.0/client/assets
[debug] [2025-05-10T08:32:43.642Z] [unzip] deflating: /Users/wuxinhua/.cache/firebase/emulators/ui-v1.15.0/client/assets/index-CjB9C900.css
[debug] [2025-05-10T08:32:43.643Z] [unzip] Entry: client/assets/index-BX-A56oj.js.map (compressed_size=2362482 bytes, uncompressed_size=10036679 bytes)
[debug] [2025-05-10T08:32:43.643Z] [unzip] Processing entry: client/assets/index-BX-A56oj.js.map
[debug] [2025-05-10T08:32:43.643Z] [unzip] else mkdir: /Users/wuxinhua/.cache/firebase/emulators/ui-v1.15.0/client/assets
[debug] [2025-05-10T08:32:43.643Z] [unzip] deflating: /Users/wuxinhua/.cache/firebase/emulators/ui-v1.15.0/client/assets/index-BX-A56oj.js.map
[debug] [2025-05-10T08:32:43.676Z] [unzip] Entry: client/assets/extensions/ (compressed_size=0 bytes, uncompressed_size=0 bytes)
[debug] [2025-05-10T08:32:43.676Z] [unzip] Processing entry: client/assets/extensions/
[debug] [2025-05-10T08:32:43.676Z] [unzip] mkdir: /Users/wuxinhua/.cache/firebase/emulators/ui-v1.15.0/client/assets/extensions/
[debug] [2025-05-10T08:32:43.676Z] [unzip] Entry: client/assets/extensions/default-extension.png (compressed_size=1646 bytes, uncompressed_size=1657 bytes)
[debug] [2025-05-10T08:32:43.676Z] [unzip] Processing entry: client/assets/extensions/default-extension.png
[debug] [2025-05-10T08:32:43.676Z] [unzip] else mkdir: /Users/wuxinhua/.cache/firebase/emulators/ui-v1.15.0/client/assets/extensions
[debug] [2025-05-10T08:32:43.676Z] [unzip] deflating: /Users/wuxinhua/.cache/firebase/emulators/ui-v1.15.0/client/assets/extensions/default-extension.png
[debug] [2025-05-10T08:32:43.677Z] [unzip] Entry: client/assets/img/ (compressed_size=0 bytes, uncompressed_size=0 bytes)
[debug] [2025-05-10T08:32:43.677Z] [unzip] Processing entry: client/assets/img/
[debug] [2025-05-10T08:32:43.677Z] [unzip] mkdir: /Users/wuxinhua/.cache/firebase/emulators/ui-v1.15.0/client/assets/img/
[debug] [2025-05-10T08:32:43.677Z] [unzip] Entry: client/assets/img/database.png (compressed_size=29449 bytes, uncompressed_size=29988 bytes)
[debug] [2025-05-10T08:32:43.677Z] [unzip] Processing entry: client/assets/img/database.png
[debug] [2025-05-10T08:32:43.677Z] [unzip] else mkdir: /Users/wuxinhua/.cache/firebase/emulators/ui-v1.15.0/client/assets/img
[debug] [2025-05-10T08:32:43.677Z] [unzip] deflating: /Users/wuxinhua/.cache/firebase/emulators/ui-v1.15.0/client/assets/img/database.png
[debug] [2025-05-10T08:32:43.677Z] [unzip] Entry: client/assets/provider-icons/ (compressed_size=0 bytes, uncompressed_size=0 bytes)
[debug] [2025-05-10T08:32:43.677Z] [unzip] Processing entry: client/assets/provider-icons/
[debug] [2025-05-10T08:32:43.677Z] [unzip] mkdir: /Users/wuxinhua/.cache/firebase/emulators/ui-v1.15.0/client/assets/provider-icons/
[debug] [2025-05-10T08:32:43.677Z] [unzip] Entry: client/assets/provider-icons/auth_service_saml.svg (compressed_size=575 bytes, uncompressed_size=1226 bytes)
[debug] [2025-05-10T08:32:43.677Z] [unzip] Processing entry: client/assets/provider-icons/auth_service_saml.svg
[debug] [2025-05-10T08:32:43.677Z] [unzip] else mkdir: /Users/wuxinhua/.cache/firebase/emulators/ui-v1.15.0/client/assets/provider-icons
[debug] [2025-05-10T08:32:43.677Z] [unzip] deflating: /Users/wuxinhua/.cache/firebase/emulators/ui-v1.15.0/client/assets/provider-icons/auth_service_saml.svg
[debug] [2025-05-10T08:32:43.678Z] [unzip] Entry: client/assets/provider-icons/auth_service_phone.svg (compressed_size=261 bytes, uncompressed_size=414 bytes)
[debug] [2025-05-10T08:32:43.678Z] [unzip] Processing entry: client/assets/provider-icons/auth_service_phone.svg
[debug] [2025-05-10T08:32:43.678Z] [unzip] else mkdir: /Users/wuxinhua/.cache/firebase/emulators/ui-v1.15.0/client/assets/provider-icons
[debug] [2025-05-10T08:32:43.678Z] [unzip] deflating: /Users/wuxinhua/.cache/firebase/emulators/ui-v1.15.0/client/assets/provider-icons/auth_service_phone.svg
[debug] [2025-05-10T08:32:43.678Z] [unzip] Entry: client/assets/provider-icons/auth_service_facebook.svg (compressed_size=289 bytes, uncompressed_size=457 bytes)
[debug] [2025-05-10T08:32:43.678Z] [unzip] Processing entry: client/assets/provider-icons/auth_service_facebook.svg
[debug] [2025-05-10T08:32:43.678Z] [unzip] else mkdir: /Users/wuxinhua/.cache/firebase/emulators/ui-v1.15.0/client/assets/provider-icons
[debug] [2025-05-10T08:32:43.678Z] [unzip] deflating: /Users/wuxinhua/.cache/firebase/emulators/ui-v1.15.0/client/assets/provider-icons/auth_service_facebook.svg
[debug] [2025-05-10T08:32:43.678Z] [unzip] Entry: client/assets/provider-icons/auth_service_game_center.svg (compressed_size=991 bytes, uncompressed_size=3921 bytes)
[debug] [2025-05-10T08:32:43.678Z] [unzip] Processing entry: client/assets/provider-icons/auth_service_game_center.svg
[debug] [2025-05-10T08:32:43.678Z] [unzip] else mkdir: /Users/wuxinhua/.cache/firebase/emulators/ui-v1.15.0/client/assets/provider-icons
[debug] [2025-05-10T08:32:43.678Z] [unzip] deflating: /Users/wuxinhua/.cache/firebase/emulators/ui-v1.15.0/client/assets/provider-icons/auth_service_game_center.svg
[debug] [2025-05-10T08:32:43.678Z] [unzip] Entry: client/assets/provider-icons/auth_service_apple.svg (compressed_size=230 bytes, uncompressed_size=334 bytes)
[debug] [2025-05-10T08:32:43.678Z] [unzip] Processing entry: client/assets/provider-icons/auth_service_apple.svg
[debug] [2025-05-10T08:32:43.678Z] [unzip] else mkdir: /Users/wuxinhua/.cache/firebase/emulators/ui-v1.15.0/client/assets/provider-icons
[debug] [2025-05-10T08:32:43.679Z] [unzip] deflating: /Users/wuxinhua/.cache/firebase/emulators/ui-v1.15.0/client/assets/provider-icons/auth_service_apple.svg
[debug] [2025-05-10T08:32:43.679Z] [unzip] Entry: client/assets/provider-icons/auth_service_github.svg (compressed_size=466 bytes, uncompressed_size=838 bytes)
[debug] [2025-05-10T08:32:43.679Z] [unzip] Processing entry: client/assets/provider-icons/auth_service_github.svg
[debug] [2025-05-10T08:32:43.679Z] [unzip] else mkdir: /Users/wuxinhua/.cache/firebase/emulators/ui-v1.15.0/client/assets/provider-icons
[debug] [2025-05-10T08:32:43.679Z] [unzip] deflating: /Users/wuxinhua/.cache/firebase/emulators/ui-v1.15.0/client/assets/provider-icons/auth_service_github.svg
[debug] [2025-05-10T08:32:43.679Z] [unzip] Entry: client/assets/provider-icons/auth_service_mslive.svg (compressed_size=203 bytes, uncompressed_size=378 bytes)
[debug] [2025-05-10T08:32:43.679Z] [unzip] Processing entry: client/assets/provider-icons/auth_service_mslive.svg
[debug] [2025-05-10T08:32:43.679Z] [unzip] else mkdir: /Users/wuxinhua/.cache/firebase/emulators/ui-v1.15.0/client/assets/provider-icons
[debug] [2025-05-10T08:32:43.679Z] [unzip] deflating: /Users/wuxinhua/.cache/firebase/emulators/ui-v1.15.0/client/assets/provider-icons/auth_service_mslive.svg
[debug] [2025-05-10T08:32:43.679Z] [unzip] Entry: client/assets/provider-icons/auth_service_yahoo.svg (compressed_size=577 bytes, uncompressed_size=1182 bytes)
[debug] [2025-05-10T08:32:43.679Z] [unzip] Processing entry: client/assets/provider-icons/auth_service_yahoo.svg
[debug] [2025-05-10T08:32:43.679Z] [unzip] else mkdir: /Users/wuxinhua/.cache/firebase/emulators/ui-v1.15.0/client/assets/provider-icons
[debug] [2025-05-10T08:32:43.679Z] [unzip] deflating: /Users/wuxinhua/.cache/firebase/emulators/ui-v1.15.0/client/assets/provider-icons/auth_service_yahoo.svg
[debug] [2025-05-10T08:32:43.680Z] [unzip] Entry: client/assets/provider-icons/auth_service_twitter.svg (compressed_size=444 bytes, uncompressed_size=751 bytes)
[debug] [2025-05-10T08:32:43.680Z] [unzip] Processing entry: client/assets/provider-icons/auth_service_twitter.svg
[debug] [2025-05-10T08:32:43.680Z] [unzip] else mkdir: /Users/wuxinhua/.cache/firebase/emulators/ui-v1.15.0/client/assets/provider-icons
[debug] [2025-05-10T08:32:43.680Z] [unzip] deflating: /Users/wuxinhua/.cache/firebase/emulators/ui-v1.15.0/client/assets/provider-icons/auth_service_twitter.svg
[debug] [2025-05-10T08:32:43.680Z] [unzip] Entry: client/assets/provider-icons/auth_service_play_games.svg (compressed_size=565 bytes, uncompressed_size=1173 bytes)
[debug] [2025-05-10T08:32:43.680Z] [unzip] Processing entry: client/assets/provider-icons/auth_service_play_games.svg
[debug] [2025-05-10T08:32:43.680Z] [unzip] else mkdir: /Users/wuxinhua/.cache/firebase/emulators/ui-v1.15.0/client/assets/provider-icons
[debug] [2025-05-10T08:32:43.680Z] [unzip] deflating: /Users/wuxinhua/.cache/firebase/emulators/ui-v1.15.0/client/assets/provider-icons/auth_service_play_games.svg
[debug] [2025-05-10T08:32:43.680Z] [unzip] Entry: client/assets/provider-icons/auth_service_email.svg (compressed_size=228 bytes, uncompressed_size=326 bytes)
[debug] [2025-05-10T08:32:43.680Z] [unzip] Processing entry: client/assets/provider-icons/auth_service_email.svg
[debug] [2025-05-10T08:32:43.680Z] [unzip] else mkdir: /Users/wuxinhua/.cache/firebase/emulators/ui-v1.15.0/client/assets/provider-icons
[debug] [2025-05-10T08:32:43.680Z] [unzip] deflating: /Users/wuxinhua/.cache/firebase/emulators/ui-v1.15.0/client/assets/provider-icons/auth_service_email.svg
[debug] [2025-05-10T08:32:43.681Z] [unzip] Entry: client/assets/provider-icons/auth_service_google.svg (compressed_size=409 bytes, uncompressed_size=720 bytes)
[debug] [2025-05-10T08:32:43.681Z] [unzip] Processing entry: client/assets/provider-icons/auth_service_google.svg
[debug] [2025-05-10T08:32:43.681Z] [unzip] else mkdir: /Users/wuxinhua/.cache/firebase/emulators/ui-v1.15.0/client/assets/provider-icons
[debug] [2025-05-10T08:32:43.681Z] [unzip] deflating: /Users/wuxinhua/.cache/firebase/emulators/ui-v1.15.0/client/assets/provider-icons/auth_service_google.svg
[debug] [2025-05-10T08:32:43.681Z] [unzip] Entry: client/assets/provider-icons/auth_service_oidc.svg (compressed_size=414 bytes, uncompressed_size=858 bytes)
[debug] [2025-05-10T08:32:43.681Z] [unzip] Processing entry: client/assets/provider-icons/auth_service_oidc.svg
[debug] [2025-05-10T08:32:43.681Z] [unzip] else mkdir: /Users/wuxinhua/.cache/firebase/emulators/ui-v1.15.0/client/assets/provider-icons
[debug] [2025-05-10T08:32:43.681Z] [unzip] deflating: /Users/wuxinhua/.cache/firebase/emulators/ui-v1.15.0/client/assets/provider-icons/auth_service_oidc.svg
[debug] [2025-05-10T08:32:43.681Z] [unzip] Entry: client/browserconfig.xml (compressed_size=491 bytes, uncompressed_size=822 bytes)
[debug] [2025-05-10T08:32:43.681Z] [unzip] Processing entry: client/browserconfig.xml
[debug] [2025-05-10T08:32:43.681Z] [unzip] else mkdir: /Users/wuxinhua/.cache/firebase/emulators/ui-v1.15.0/client
[debug] [2025-05-10T08:32:43.681Z] [unzip] deflating: /Users/wuxinhua/.cache/firebase/emulators/ui-v1.15.0/client/browserconfig.xml
[debug] [2025-05-10T08:32:43.681Z] [unzip] Entry: client/favicon-32x32.png (compressed_size=475 bytes, uncompressed_size=475 bytes)
[debug] [2025-05-10T08:32:43.681Z] [unzip] Processing entry: client/favicon-32x32.png
[debug] [2025-05-10T08:32:43.681Z] [unzip] else mkdir: /Users/wuxinhua/.cache/firebase/emulators/ui-v1.15.0/client
[debug] [2025-05-10T08:32:43.681Z] [unzip] Writing file: /Users/wuxinhua/.cache/firebase/emulators/ui-v1.15.0/client/favicon-32x32.png
[debug] [2025-05-10T08:32:43.681Z] [unzip] Entry: server/ (compressed_size=0 bytes, uncompressed_size=0 bytes)
[debug] [2025-05-10T08:32:43.681Z] [unzip] Processing entry: server/
[debug] [2025-05-10T08:32:43.682Z] [unzip] mkdir: /Users/wuxinhua/.cache/firebase/emulators/ui-v1.15.0/server/
[debug] [2025-05-10T08:32:43.682Z] [unzip] Entry: server/server.mjs.map (compressed_size=217845 bytes, uncompressed_size=944978 bytes)
[debug] [2025-05-10T08:32:43.682Z] [unzip] Processing entry: server/server.mjs.map
[debug] [2025-05-10T08:32:43.682Z] [unzip] else mkdir: /Users/wuxinhua/.cache/firebase/emulators/ui-v1.15.0/server
[debug] [2025-05-10T08:32:43.682Z] [unzip] deflating: /Users/wuxinhua/.cache/firebase/emulators/ui-v1.15.0/server/server.mjs.map
[debug] [2025-05-10T08:32:43.686Z] [unzip] Entry: server/server.mjs (compressed_size=276407 bytes, uncompressed_size=933701 bytes)
[debug] [2025-05-10T08:32:43.686Z] [unzip] Processing entry: server/server.mjs
[debug] [2025-05-10T08:32:43.686Z] [unzip] else mkdir: /Users/wuxinhua/.cache/firebase/emulators/ui-v1.15.0/server
[debug] [2025-05-10T08:32:43.686Z] [unzip] deflating: /Users/wuxinhua/.cache/firebase/emulators/ui-v1.15.0/server/server.mjs
[debug] [2025-05-10T08:32:43.692Z] Could not find VSCode notification endpoint: FetchError: request to http://localhost:40001/vscode/notify failed, reason: . If you are not running the Firebase Data Connect VSCode extension, this is expected and not an issue.
[info] 
┌─────────────────────────────────────────────────────────────┐
│ ✔  All emulators ready! It is now safe to connect your app. │
│ i  View Emulator UI at http://127.0.0.1:4000/               │
└─────────────────────────────────────────────────────────────┘

┌────────────────┬────────────────┬────────────────────────────┐
│ Emulator       │ Host:Port      │ View in Emulator UI        │
├────────────────┼────────────────┼────────────────────────────┤
│ Authentication │ 127.0.0.1:9099 │ http://127.0.0.1:4000/auth │
└────────────────┴────────────────┴────────────────────────────┘
  Emulator Hub host: 127.0.0.1 port: 4400
  Other reserved ports: 4500

Issues? Report them at https://github.com/firebase/firebase-tools/issues and attach the *-debug.log files.
 
